RRPRRRPRRRPSPSPSSSSSSSSSSSSSSSSS
RRPRRRPRRRPRRRPRRRPRRRPRRRPRPSSS
RRPRRRPRRRPRRRPRRRPRPSPPPPPPPPPP
RRPRRRPRRRPRRRPRRPSPSPSPSSSSSSSS
RRPRRRPRRRPSPSPSPPPPPPPPPPPPPPPP
RRPSPSPSPSPSPSPSPSPSSSSSSSSSSSSS
RRPRRRPRRRPRRRPRRRPRRRPRRRPRPSSS
RRPRRRPRRRPRRRPRRRPRRRPRPSSSSSSS
RRPRRRPRPSPSPSPSPSPSPSPSPSPSSSSS
RRPRRRPRRRPRRRPRRRPRPSPSPSSSSSSS
RRPRPSPSPPPPPPPPPPPPPPPPPPPPPPPP
RRPRRRPRRRPRRRPRRRPRRRPRRRPRPSSS
RRPRRRPRRRPSPSSSSSSSSSSSSSSSSSSS
RRPRRRPRRRPRRRPRRPSPSSSSSSSSSSSS
RRPRRRPRRRPRRRPRRRPRRRPRRRPSPSPS
RRPRRRPRRRPRRRPRRRPRPSPSPPPPPPPP
RRPRRRPRRRPRRRPSSSSSSSSSSSSSSSSS
RRPRPSPSPSPSPSPSPPPPPPPPPPPPPPPP
RRPRRRPRRRPRRRPRRRPRPSPPPPPPPPPP
RRPRRRPRRRPRRRPRRRPRRRPRRRPRRPSP
RRPRRRPRPSPSPSPSPSSSSSSSSSSSSSSS
RRPRRRPSPSPSPSPSPSPSPSPPPPPPPPPP
RPSPSPSPSPSPSPSPSPSSSSSSSSSSSSSS
RRPRRRPRRRPRRRPRRRPRRRPRPSPSPSPS
RRPRRRPRRRPRRRPRRRPRPSPSSSSSSSSS
RRPRRRPSPSPSPSPSSSSSSSSSSSSSSSSS
RRPRRRPRRRPRRRPRRRPSPSPSPSSSSSSS
RRPRRRPSPSPSPSPSPSPSPSPSPSPSSSSS
RRPRRRPRRRPRRRPRRPSPSPSPSPSSSSSS
RRPRRRPRRRPRRRPRRRPRRRPRRRPSPSPP
RRPRRRPRPSPSPSPSPSPSPSSSSSSSSSSS
RRPRRPSPSPSPSPSPSPSPSPSPPPPPPPPP
RRPRPSPSPSPSPSPSSSSSSSSSSSSSSSSS
RRPRRRPRRRPRRRPRRRPRRRPSPSPSPPPP
RRPRRRPRRPSPSPSPSPSPSSSSSSSSSSSS
RRPRPSPSPSPPPPPPPPPPPPPPPPPPPPPP
RRPRRRPSPSPSPSPSPSPSPSPPPPPPPPPP
RRPRRRPRRRPSPPPPPPPPPPPPPPPPPPPP
RRPRRRPRRRPRRRPRRRPRRPSPSPSPSSSS
RRPRPSPSPSPSPPPPPPPPPPPPPPPPPPPP
RRPRRRPRRRPRRRPRRPSPSPSPSPSSSSSS
RRPRRRPRRRPRRRPRRRPRRRPRRPSPSPSP
RRPRRRPRRRPRRRPSPSPSPSPSPSPSPPPP
RRPSPSPSPSPSPSPSPSPSPSPSPSPPPPPP
RPSPSPSPSPSPSPSPSSSSSSSSSSSSSSSS
RRPRRRPRRRPRRRPRPSPSPSPSPSPSPSSS
RPSPSPSPSPSPSPSPPPPPPPPPPPPPPPPP
RRPRRRPRPSPSPSPSPPPPPPPPPPPPPPPP
RRPRRRPRRRPRRRPRRRPRRRPRRPSPSPSS
RRPSPSPSPSPSPSPPPPPPPPPPPPPPPPPP
