RRPRRRPRRRPRRRPRRRPRRRPRRPSSSSSS
RRPRRRPRRRPRRRPRRRPRRRPRRRPRRPPS
RRPRRRPRRRPRRRPRRRPRRRPRRPRSSSSS
RRPRRRPRRRPRRRPRRRPRRRPRPSPPPPPP
RRPRRRPRRRPRRRPRRPPSPSPPPPPPPPPP
RRPRRRPRRRPRRRPRRRPRRRPRRRPRRPPS
RRPRRRPRRRPRRPRPPSPSPSPSPSPSSSSS
RPRPPSPSPSPSPSPSPSPSPSPSPSPSPSPP
RPRPPSPSPSPSPSPSPSPSPSPSPSPSPSPS
RRPRRRPRPSPSPSPSPSSSSSSSSSSSSSSS
RRPRRRPRRRPRRRPRRRPRRPRPPSPSPSSS
RRPRRRPRRRPRRRPRRPPSPSPSPSPSPPPP
RPRPPSPSPSPSSSSSSSSSSSSSSSSSSSSS
RRPRRRPRRRPRRRPRRRPRRPPSPSPSPSPS
RRPRRRPRRRPRRRPRRRPRRRPRRPRSSSSS
RRPRRPRPPSPSPSPSPSPSPSPSPSPSSSSS
RRPRPSPSPSPSPSPSPSSSSSSSSSSSSSSS
RRPRRRPRRRPRRRPRSSSSSSSSSSSSSSSS
RRPRRPRPPSPSPSPPPPPPPPPPPPPPPPPP
RPPSPSPSPSPSPSPSPSPSPPPPPPPPPPPP
RRPRRRPRRRPRRRPRRRPRRRPRRRPRPSPS
RRPRRRPRRRPRRRPRRRPRRRPRPSPSPSSS
RRPRRPRPPSSSSSSSSSSSSSSSSSSSSSSS
RRPRRRPRRPRPPSPSSSSSSSSSSSSSSSSS
RPPSPSPSPPPPPPPPPPPPPPPPPPPPPPPP
RRPRRRPRRRPRRRPRRPRPPSPSPSPSPSSS
RRPRRRPRRRPRRPPSPSPSPSSSSSSSSSSS
RRPRPSPSPSPSPSPSPSPSPSSSSSSSSSSS
RRPRRRPRRRPRRRPRRRPRRRPRRPPSSSSS
RRPRRRPRRRPRRPRPPSPSPSPSPSPSPSPS
RRPRRRPRRRPRRRPRRPPSPSPSPPPPPPPP
RRPRRRPRPSPSPSSSSSSSSSSSSSSSSSSS
RRPRRRPRRRPRRRPRRRPRRPRPPSPSPSPS
RRPRRPPSPSPSPSPSPSPSPSPSPSPPPPPP
RRPRRRPRRRPRRRPRRRPRRRPRRPPSPPPP
RRPRRRPRRPRPPSPSPSPSPSPPPPPPPPPP
RRPRRRPRRRPRRRPRRRPRRPRPPSPSPSPP
RRPRRRPRRRPRRRPRRPRPPSSSSSSSSSSS
RRPRRRPRRRPRRRPRRRPRPSPSPSPSPSPS
RRPRRRPRRRPRRRPRRRPRRRPRRPPSPSPP
RRPRRRPRRRPRRPRPPSPSPSPSPSPSPSPS
RRPRRRPRRPPSPSPSPSPSSSSSSSSSSSSS
RPRPPSPSPSPSPSPSPSPSPSPSPSPSPSPP
RRPRRRPRRRPRRRPRRRPRPSPSSSSSSSSS
RRPRRRPRRRPRRRPRRPRPPSPSPSSSSSSS
RRPRRPRPPSPSPSPSPSPSSSSSSSSSSSSS
RRPRRRPRRPRPSSSSSSSSSSSSSSSSSSSS
RRPRRRPRRRPRRRPRRRPRPSPSPSSSSSSS
RRPRRRPRRRPRRRPRRRPRPSPSPPPPPPPP
RRPRRRPRRRPRRRPRSSSSSSSSSSSSSSSS
